<?xml version="1.0" encoding="UTF-8" ?>
<testsuite tests="45" failures="0" name="demo.onlinestore.TestRunner" time="0.975" errors="0" skipped="0">
  <properties>
    <property name="java.runtime.name" value="Java(TM) SE Runtime Environment"/>
    <property name="sun.boot.library.path" value="C:\Program Files\Java\jdk1.8.0_91\jre\bin"/>
    <property name="java.vm.version" value="25.91-b15"/>
    <property name="java.vm.vendor" value="Oracle Corporation"/>
    <property name="maven.multiModuleProjectDirectory" value="C:\Users\dvelayudhan\Local Cloud\Private\devika.velayudhan\Desktop\Others\Training\Test Automation\onlinestore"/>
    <property name="java.vendor.url" value="http://java.oracle.com/"/>
    <property name="path.separator" value=";"/>
    <property name="guice.disable.misplaced.annotation.check" value="true"/>
    <property name="java.vm.name" value="Java HotSpot(TM) 64-Bit Server VM"/>
    <property name="file.encoding.pkg" value="sun.io"/>
    <property name="user.script" value=""/>
    <property name="user.country" value="GB"/>
    <property name="sun.java.launcher" value="SUN_STANDARD"/>
    <property name="sun.os.patch.level" value="Service Pack 1"/>
    <property name="java.vm.specification.name" value="Java Virtual Machine Specification"/>
    <property name="user.dir" value="C:\Users\dvelayudhan\Local Cloud\Private\devika.velayudhan\Desktop\Others\Training\Test Automation\onlinestore"/>
    <property name="java.runtime.version" value="1.8.0_91-b15"/>
    <property name="java.awt.graphicsenv" value="sun.awt.Win32GraphicsEnvironment"/>
    <property name="java.endorsed.dirs" value="C:\Program Files\Java\jdk1.8.0_91\jre\lib\endorsed"/>
    <property name="os.arch" value="amd64"/>
    <property name="java.io.tmpdir" value="C:\Users\DVELAY~1\AppData\Local\Temp\"/>
    <property name="line.separator" value="
"/>
    <property name="java.vm.specification.vendor" value="Oracle Corporation"/>
    <property name="user.variant" value=""/>
    <property name="os.name" value="Windows 7"/>
    <property name="classworlds.conf" value="C:\Users\dvelayudhan\Local Cloud\Private\devika.velayudhan\Desktop\Others\Training\Test Automation\.metadata\.plugins\org.eclipse.m2e.launching\launches\m2conf4541465618672454082.tmp"/>
    <property name="sun.jnu.encoding" value="Cp1252"/>
    <property name="java.library.path" value="C:\Program Files\Java\jdk1.8.0_91\bin;C:\windows\Sun\Java\bin;C:\windows\system32;C:\windows;C:/Program Files/Java/jre1.8.0_91/bin/server;C:/Program Files/Java/jre1.8.0_91/bin;C:/Program Files/Java/jre1.8.0_91/lib/amd64;C:\Program Files (x86)\EasyPHP-DevServer-14.1VC11\binaries\php\php_runningversion;C:\ProgramData\Oracle\Java\javapath;C:\windows\system32;C:\windows;C:\windows\System32\Wbem;C:\windows\System32\WindowsPowerShell\v1.0\;C:\Program Files (x86)\QuickTime\QTSystem\;C:\Program Files\TortoiseSVN\bin;C:\Program Files\nodejs\;C:\Program Files (x86)\Skype\Phone\;C:\Program Files (x86)\eclipse;;."/>
    <property name="java.specification.name" value="Java Platform API Specification"/>
    <property name="java.class.version" value="52.0"/>
    <property name="sun.management.compiler" value="HotSpot 64-Bit Tiered Compilers"/>
    <property name="os.version" value="6.1"/>
    <property name="user.home" value="C:\Users\dvelayudhan"/>
    <property name="user.timezone" value="Europe/London"/>
    <property name="java.awt.printerjob" value="sun.awt.windows.WPrinterJob"/>
    <property name="java.specification.version" value="1.8"/>
    <property name="file.encoding" value="Cp1252"/>
    <property name="user.name" value="dvelayudhan"/>
    <property name="java.class.path" value="/C:/Program Files (x86)/eclipse/plugins/org.eclipse.m2e.maven.runtime_1.7.0.20160603-1931/jars/plexus-classworlds-2.5.2.jar"/>
    <property name="java.vm.specification.version" value="1.8"/>
    <property name="sun.arch.data.model" value="64"/>
    <property name="java.home" value="C:\Program Files\Java\jdk1.8.0_91\jre"/>
    <property name="sun.java.command" value="org.codehaus.plexus.classworlds.launcher.Launcher -B test"/>
    <property name="java.specification.vendor" value="Oracle Corporation"/>
    <property name="user.language" value="en"/>
    <property name="awt.toolkit" value="sun.awt.windows.WToolkit"/>
    <property name="java.vm.info" value="mixed mode"/>
    <property name="java.version" value="1.8.0_91"/>
    <property name="java.ext.dirs" value="C:\Program Files\Java\jdk1.8.0_91\jre\lib\ext;C:\windows\Sun\Java\lib\ext"/>
    <property name="sun.boot.class.path" value="C:\Program Files\Java\jdk1.8.0_91\jre\lib\resources.jar;C:\Program Files\Java\jdk1.8.0_91\jre\lib\rt.jar;C:\Program Files\Java\jdk1.8.0_91\jre\lib\sunrsasign.jar;C:\Program Files\Java\jdk1.8.0_91\jre\lib\jsse.jar;C:\Program Files\Java\jdk1.8.0_91\jre\lib\jce.jar;C:\Program Files\Java\jdk1.8.0_91\jre\lib\charsets.jar;C:\Program Files\Java\jdk1.8.0_91\jre\lib\jfr.jar;C:\Program Files\Java\jdk1.8.0_91\jre\classes"/>
    <property name="java.vendor" value="Oracle Corporation"/>
    <property name="maven.home" value="C:\Users\dvelayudhan\Local Cloud\Private\devika.velayudhan\Desktop\Others\Training\Test Automation\onlinestore\EMBEDDED"/>
    <property name="file.separator" value="\"/>
    <property name="java.vendor.url.bug" value="http://bugreport.sun.com/bugreport/"/>
    <property name="sun.cpu.endian" value="little"/>
    <property name="sun.io.unicode.encoding" value="UnicodeLittle"/>
    <property name="sun.desktop" value="windows"/>
    <property name="sun.cpu.isalist" value="amd64"/>
  </properties>
  <testcase classname="Scenario: Successful Login with valid credentials" name="Given I load the website url" time="0.004"/>
  <testcase classname="Scenario: Successful Login with valid credentials" name="When I navigate to Login page" time="0"/>
  <testcase classname="Scenario: Successful Login with valid credentials" name="And I enter valid username &quot;student&quot;" time="0"/>
  <testcase classname="Scenario: Successful Login with valid credentials" name="And I enter valid password &quot;student123&quot;" time="0"/>
  <testcase classname="Scenario: Successful Login with valid credentials" name="And I click on Login button" time="0"/>
  <testcase classname="Scenario: Successful Login with valid credentials" name="Then I am signed in" time="0"/>
  <testcase classname="Scenario: Successful Login with valid credentials" name="Scenario: Successful Login with valid credentials" time="0"/>
  <testcase classname="Scenario: View Products page" name="Given I am on Home page" time="0"/>
  <testcase classname="Scenario: View Products page" name="When I navigate to Products page" time="0"/>
  <testcase classname="Scenario: View Products page" name="Then I can see a list of Products" time="0"/>
  <testcase classname="Scenario: View Products page" name="Scenario: View Products page" time="0"/>
  <testcase classname="Scenario: View Product Details" name="Given I am on Home page" time="0"/>
  <testcase classname="Scenario: View Product Details" name="When I navigate to Products page" time="0"/>
  <testcase classname="Scenario: View Product Details" name="And I click on item name to see details" time="0"/>
  <testcase classname="Scenario: View Product Details" name="Then I can see the product Details" time="0"/>
  <testcase classname="Scenario: View Product Details" name="Scenario: View Product Details" time="0.001"/>
  <testcase classname="Scenario: Add an item to cart" name="Given I am on Home page" time="0"/>
  <testcase classname="Scenario: Add an item to cart" name="When I navigate to Products page" time="0"/>
  <testcase classname="Scenario: Add an item to cart" name="And I click on item name to see details" time="0.001"/>
  <testcase classname="Scenario: Add an item to cart" name="And I click on Add To Cart option" time="0"/>
  <testcase classname="Scenario: Add an item to cart" name="Then I can see the success message" time="0"/>
  <testcase classname="Scenario: Add an item to cart" name="Scenario: Add an item to cart" time="0.001"/>
  <testcase classname="Scenario: View checkout item" name="Given I have added item(s) in my cart" time="0"/>
  <testcase classname="Scenario: View checkout item" name="When I click on Checkout option" time="0"/>
  <testcase classname="Scenario: View checkout item" name="Then I can see the item(s) in my cart" time="0"/>
  <testcase classname="Scenario: View checkout item" name="Scenario: View checkout item" time="0"/>
  <testcase classname="Scenario: View Checkout Info" name="Given I am signed in" time="0"/>
  <testcase classname="Scenario: View Checkout Info" name="And I have my personal info stored in my profile" time="0"/>
  <testcase classname="Scenario: View Checkout Info" name="And I have added item(s) in my cart" time="0"/>
  <testcase classname="Scenario: View Checkout Info" name="When I click on Checkout option" time="0"/>
  <testcase classname="Scenario: View Checkout Info" name="And I click on Continue button" time="0.001"/>
  <testcase classname="Scenario: View Checkout Info" name="Then I can see my info autopopulated" time="0"/>
  <testcase classname="Scenario: View Checkout Info" name="Scenario: View Checkout Info" time="0"/>
  <testcase classname="Scenario: Checkout and complete transaction" name="Given I am signed in" time="0"/>
  <testcase classname="Scenario: Checkout and complete transaction" name="And I have my personal info stored in my profile" time="0"/>
  <testcase classname="Scenario: Checkout and complete transaction" name="And I have added item(s) in my cart" time="0"/>
  <testcase classname="Scenario: Checkout and complete transaction" name="When I click on Checkout option" time="0"/>
  <testcase classname="Scenario: Checkout and complete transaction" name="And I click on Continue button" time="0"/>
  <testcase classname="Scenario: Checkout and complete transaction" name="And I click on Purchase button" time="0"/>
  <testcase classname="Scenario: Checkout and complete transaction" name="Then I complete the transaction" time="0"/>
  <testcase classname="Scenario: Checkout and complete transaction" name="Scenario: Checkout and complete transaction" time="0"/>
  <testcase classname="Scenario: Logout of the website" name="Given I am signed in" time="0"/>
  <testcase classname="Scenario: Logout of the website" name="When I click on LogOut" time="0"/>
  <testcase classname="Scenario: Logout of the website" name="Then I go to LoginPage" time="0"/>
  <testcase classname="Scenario: Logout of the website" name="Scenario: Logout of the website" time="0.967"/>
</testsuite>