<?xml version="1.0" encoding="UTF-8" ?>
<testsuite tests="45" failures="0" name="demo.onlinestore.TestRunner" time="1.117" errors="0" skipped="0">
  <properties>
    <property name="java.runtime.name" value="Java(TM) SE Runtime Environment"/>
    <property name="sun.boot.library.path" value="C:\Program Files\Java\jdk1.8.0_92\jre\bin"/>
    <property name="java.vm.version" value="25.92-b14"/>
    <property name="java.vm.vendor" value="Oracle Corporation"/>
    <property name="maven.multiModuleProjectDirectory" value="C:\Users\Devika\git\DemoStore"/>
    <property name="java.vendor.url" value="http://java.oracle.com/"/>
    <property name="path.separator" value=";"/>
    <property name="guice.disable.misplaced.annotation.check" value="true"/>
    <property name="java.vm.name" value="Java HotSpot(TM) 64-Bit Server VM"/>
    <property name="file.encoding.pkg" value="sun.io"/>
    <property name="user.script" value=""/>
    <property name="user.country" value="IN"/>
    <property name="sun.java.launcher" value="SUN_STANDARD"/>
    <property name="sun.os.patch.level" value="Service Pack 1"/>
    <property name="java.vm.specification.name" value="Java Virtual Machine Specification"/>
    <property name="user.dir" value="C:\Users\Devika\git\DemoStore"/>
    <property name="java.runtime.version" value="1.8.0_92-b14"/>
    <property name="java.awt.graphicsenv" value="sun.awt.Win32GraphicsEnvironment"/>
    <property name="java.endorsed.dirs" value="C:\Program Files\Java\jdk1.8.0_92\jre\lib\endorsed"/>
    <property name="os.arch" value="amd64"/>
    <property name="java.io.tmpdir" value="C:\Users\Devika\AppData\Local\Temp\"/>
    <property name="line.separator" value="
"/>
    <property name="java.vm.specification.vendor" value="Oracle Corporation"/>
    <property name="user.variant" value=""/>
    <property name="os.name" value="Windows 7"/>
    <property name="classworlds.conf" value="C:\Users\Devika\Desktop\workspace\.metadata\.plugins\org.eclipse.m2e.launching\launches\m2conf6555447858172867808.tmp"/>
    <property name="sun.jnu.encoding" value="Cp1252"/>
    <property name="java.library.path" value="C:\Program Files\Java\jdk1.8.0_92\bin;C:\Windows\Sun\Java\bin;C:\Windows\system32;C:\Windows;C:/Program Files/Java/jre1.8.0_92/bin/server;C:/Program Files/Java/jre1.8.0_92/bin;C:/Program Files/Java/jre1.8.0_92/lib/amd64;C:\ProgramData\Oracle\Java\javapath;C:\Windows\system32;C:\Windows;C:\Windows\System32\Wbem;C:\Windows\System32\WindowsPowerShell\v1.0\;C:\Program Files (x86)\ATI Technologies\ATI.ACE\Core-Static;C:\Program Files (x86)\Toshiba\Bluetooth Toshiba Stack\sys\;C:\Program Files (x86)\Toshiba\Bluetooth Toshiba Stack\sys\x64\;C:\Program Files\Broadcom\Broadcom 802.11 Network Adapter\Driver;C:\Program Files (x86)\MySQL\MySQL Server 6.0\bin;C:\Program Files (x86)\Microsoft SQL Server\100\Tools\Binn\;C:\Program Files\Microsoft SQL Server\100\Tools\Binn\;C:\Program Files\Microsoft SQL Server\100\DTS\Binn\;C:\Program Files (x86)\Java\jdk1.6.0_04\bin;C:\Program Files (x86)\QuickTime\QTSystem\;C:\Program Files (x86)\Skype\Phone\;C:\Program Files\Git\cmd;C:\Program Files\eclipse\eclipse;;."/>
    <property name="java.specification.name" value="Java Platform API Specification"/>
    <property name="java.class.version" value="52.0"/>
    <property name="sun.management.compiler" value="HotSpot 64-Bit Tiered Compilers"/>
    <property name="os.version" value="6.1"/>
    <property name="user.home" value="C:\Users\Devika"/>
    <property name="user.timezone" value="Europe/London"/>
    <property name="java.awt.printerjob" value="sun.awt.windows.WPrinterJob"/>
    <property name="java.specification.version" value="1.8"/>
    <property name="file.encoding" value="Cp1252"/>
    <property name="user.name" value="Devika"/>
    <property name="java.class.path" value="/C:/Users/Devika/.eclipse/org.eclipse.platform_4.5.2_129370284_win32_win32_x86_64/plugins/org.eclipse.m2e.maven.runtime_1.7.0.20160603-1931/jars/plexus-classworlds-2.5.2.jar"/>
    <property name="java.vm.specification.version" value="1.8"/>
    <property name="sun.arch.data.model" value="64"/>
    <property name="java.home" value="C:\Program Files\Java\jdk1.8.0_92\jre"/>
    <property name="sun.java.command" value="org.codehaus.plexus.classworlds.launcher.Launcher -B test"/>
    <property name="java.specification.vendor" value="Oracle Corporation"/>
    <property name="user.language" value="en"/>
    <property name="awt.toolkit" value="sun.awt.windows.WToolkit"/>
    <property name="java.vm.info" value="mixed mode"/>
    <property name="java.version" value="1.8.0_92"/>
    <property name="java.ext.dirs" value="C:\Program Files\Java\jdk1.8.0_92\jre\lib\ext;C:\Windows\Sun\Java\lib\ext"/>
    <property name="sun.boot.class.path" value="C:\Program Files\Java\jdk1.8.0_92\jre\lib\resources.jar;C:\Program Files\Java\jdk1.8.0_92\jre\lib\rt.jar;C:\Program Files\Java\jdk1.8.0_92\jre\lib\sunrsasign.jar;C:\Program Files\Java\jdk1.8.0_92\jre\lib\jsse.jar;C:\Program Files\Java\jdk1.8.0_92\jre\lib\jce.jar;C:\Program Files\Java\jdk1.8.0_92\jre\lib\charsets.jar;C:\Program Files\Java\jdk1.8.0_92\jre\lib\jfr.jar;C:\Program Files\Java\jdk1.8.0_92\jre\classes"/>
    <property name="java.vendor" value="Oracle Corporation"/>
    <property name="maven.home" value="C:\Users\Devika\git\DemoStore\EMBEDDED"/>
    <property name="file.separator" value="\"/>
    <property name="java.vendor.url.bug" value="http://bugreport.sun.com/bugreport/"/>
    <property name="sun.cpu.endian" value="little"/>
    <property name="sun.io.unicode.encoding" value="UnicodeLittle"/>
    <property name="sun.desktop" value="windows"/>
    <property name="sun.cpu.isalist" value="amd64"/>
  </properties>
  <testcase classname="Scenario: Successful Login with valid credentials" name="Given I load the website url" time="0.006"/>
  <testcase classname="Scenario: Successful Login with valid credentials" name="When I navigate to Login page" time="0"/>
  <testcase classname="Scenario: Successful Login with valid credentials" name="And I enter valid username" time="0"/>
  <testcase classname="Scenario: Successful Login with valid credentials" name="And I enter valid password" time="0"/>
  <testcase classname="Scenario: Successful Login with valid credentials" name="And I click on Login button" time="0"/>
  <testcase classname="Scenario: Successful Login with valid credentials" name="Then I am signed in" time="0"/>
  <testcase classname="Scenario: Successful Login with valid credentials" name="Scenario: Successful Login with valid credentials" time="0"/>
  <testcase classname="Scenario: View Products page" name="Given I am on Home page" time="0"/>
  <testcase classname="Scenario: View Products page" name="When I navigate to Products page" time="0"/>
  <testcase classname="Scenario: View Products page" name="Then I can see a list of Products" time="0"/>
  <testcase classname="Scenario: View Products page" name="Scenario: View Products page" time="0.001"/>
  <testcase classname="Scenario: View Product Details" name="Given I am on Home page" time="0"/>
  <testcase classname="Scenario: View Product Details" name="When I navigate to Products page" time="0"/>
  <testcase classname="Scenario: View Product Details" name="And I click on item name to see details" time="0"/>
  <testcase classname="Scenario: View Product Details" name="Then I can see the product Details" time="0"/>
  <testcase classname="Scenario: View Product Details" name="Scenario: View Product Details" time="0"/>
  <testcase classname="Scenario: Add an item to cart" name="Given I am on Home page" time="0"/>
  <testcase classname="Scenario: Add an item to cart" name="When I navigate to Products page" time="0"/>
  <testcase classname="Scenario: Add an item to cart" name="And I click on item name to see details" time="0"/>
  <testcase classname="Scenario: Add an item to cart" name="And I click on Add To Cart option" time="0"/>
  <testcase classname="Scenario: Add an item to cart" name="Then I can see the success message" time="0"/>
  <testcase classname="Scenario: Add an item to cart" name="Scenario: Add an item to cart" time="0.001"/>
  <testcase classname="Scenario: View checkout item" name="Given I have added item(s) in my cart" time="0"/>
  <testcase classname="Scenario: View checkout item" name="When I click on Checkout option" time="0"/>
  <testcase classname="Scenario: View checkout item" name="Then I can see the item(s) in my cart" time="0"/>
  <testcase classname="Scenario: View checkout item" name="Scenario: View checkout item" time="0"/>
  <testcase classname="Scenario: View Checkout Info" name="Given I am signed in" time="0"/>
  <testcase classname="Scenario: View Checkout Info" name="And I have my personal info stored in my profile" time="0"/>
  <testcase classname="Scenario: View Checkout Info" name="And I have added item(s) in my cart" time="0"/>
  <testcase classname="Scenario: View Checkout Info" name="When I click on Checkout option" time="0"/>
  <testcase classname="Scenario: View Checkout Info" name="And I click on Continue button" time="0"/>
  <testcase classname="Scenario: View Checkout Info" name="Then I can see my info autopopulated" time="0"/>
  <testcase classname="Scenario: View Checkout Info" name="Scenario: View Checkout Info" time="0"/>
  <testcase classname="Scenario: Checkout and complete transaction" name="Given I am signed in" time="0"/>
  <testcase classname="Scenario: Checkout and complete transaction" name="And I have my personal info stored in my profile" time="0"/>
  <testcase classname="Scenario: Checkout and complete transaction" name="And I have added item(s) in my cart" time="0"/>
  <testcase classname="Scenario: Checkout and complete transaction" name="When I click on Checkout option" time="0"/>
  <testcase classname="Scenario: Checkout and complete transaction" name="And I click on Continue button" time="0"/>
  <testcase classname="Scenario: Checkout and complete transaction" name="And I click on Purchase button" time="0"/>
  <testcase classname="Scenario: Checkout and complete transaction" name="Then I complete the transaction" time="0"/>
  <testcase classname="Scenario: Checkout and complete transaction" name="Scenario: Checkout and complete transaction" time="0"/>
  <testcase classname="Scenario: Logout of the website" name="Given I am signed in" time="0"/>
  <testcase classname="Scenario: Logout of the website" name="When I click on LogOut" time="0"/>
  <testcase classname="Scenario: Logout of the website" name="Then I go to LoginPage" time="0"/>
  <testcase classname="Scenario: Logout of the website" name="Scenario: Logout of the website" time="1.109"/>
</testsuite>